2024/05/03 14:11:58 sliver.go:90: Hello my name is HIGH_EXTERNAL
2024/05/03 14:11:58 limits.go:58: Limit checks completed
2024/05/03 14:11:58 sliver.go:108: Running in session mode
2024/05/03 14:11:58 session.go:67: Starting interactive session connection loop ...
2024/05/03 14:11:58 transports.go:41: Starting c2 url generator () ...
2024/05/03 14:11:58 transports.go:104: Return generator: (chan *url.URL)(0xc0000966c0)
2024/05/03 14:11:58 transports.go:92: Yield c2 uri = 'https://localhost'
2024/05/03 14:11:58 transports.go:92: Yield c2 uri = 'https://localhost'
2024/05/03 14:11:58 session.go:84: Next CC = https://localhost
2024/05/03 14:11:58 session.go:84: Next CC = https://localhost
2024/05/03 14:11:58 transports.go:92: Yield c2 uri = 'https://localhost'
2024/05/03 14:11:58 session.go:172: Connecting -> http(s)://localhost
2024/05/03 14:11:58 provider_darwin.go:145: [proxy.Provider.readDarwinNetworkSettingProxy]: https proxy is not enabled.
2024/05/03 14:11:58 httpclient.go:873: [http] segments = [authenticate auth authenticate auth], filename = index, ext = php
2024/05/03 14:11:58 httpclient.go:354: [http] POST -> https://localhost/authenticate/auth/authenticate/auth/index.html?q=78232565492 (266 bytes)
2024/05/03 14:11:58 httpclient.go:360: [http] http response error: Post "https://localhost/authenticate/auth/authenticate/auth/index.html?q=78232565492": dial tcp [::1]:443: connect: connection refused
2024/05/03 14:11:58 provider_darwin.go:145: [proxy.Provider.readDarwinNetworkSettingProxy]: https proxy is not enabled.
2024/05/03 14:11:58 httpclient.go:873: [http] segments = [v1 authenticate authenticate], filename = register, ext = php
2024/05/03 14:11:58 httpclient.go:354: [http] POST -> http://localhost/v1/authenticate/authenticate/register.html?a=267051467451 (266 bytes)
2024/05/03 14:11:58 httpclient.go:403: [http] New session id: f1f551818cd5f7f3958caac2b091425a
2024/05/03 14:11:58 sliver.go:288: Host Uuid: c6de1a44-016a-5fbe-b76a-da56af41316d
2024/05/03 14:11:58 tun.go:53: [tunnel] Tunnel handlers map[20:0x57fdde0 22:0x57fb5a0 23:0x57fa7a0 80:0x57fc200 82:0x57ffac0 125:0x5801a20]
2024/05/03 14:11:58 session.go:189: [http] send envelope ...
2024/05/03 14:11:58 httpclient.go:873: [http] segments = [script script bundles], filename = route, ext = js
2024/05/03 14:11:58 httpclient.go:421: [http] GET -> http://localhost/script/script/bundles/route.js?j=20150g3730272
2024/05/03 14:11:58 httpclient.go:873: [http] segments = [authenticate auth v1 v1], filename = index, ext = php
2024/05/03 14:11:58 httpclient.go:498: [http] POST -> http://localhost/authenticate/auth/v1/v1/index.php?l=363491c102551 (291 bytes)
2024/05/03 14:11:58 httpclient.go:504: [http] POST request completed
2024/05/03 14:12:01 httpclient.go:304: Cancelling poll context
2024/05/03 14:12:01 httpclient.go:873: [http] segments = [javascripts bundles script], filename = app, ext = js
2024/05/03 14:12:01 httpclient.go:421: [http] GET -> http://localhost/javascripts/bundles/script/app.js?i=633022582114
2024/05/03 14:12:03 httpclient.go:304: Cancelling poll context
2024/05/03 14:12:03 httpclient.go:873: [http] segments = [javascripts script], filename = app, ext = js
2024/05/03 14:12:03 httpclient.go:421: [http] GET -> http://localhost/javascripts/script/app.js?d=40n0813096227
2024/05/03 14:12:05 httpclient.go:304: Cancelling poll context
2024/05/03 14:12:05 httpclient.go:873: [http] segments = [javascripts script bundles], filename = route, ext = js
2024/05/03 14:12:05 httpclient.go:421: [http] GET -> http://localhost/javascripts/script/bundles/route.js?j=1w00262k790643
2024/05/03 14:12:07 httpclient.go:304: Cancelling poll context
2024/05/03 14:12:07 httpclient.go:873: [http] segments = [javascripts bundles], filename = app, ext = js
2024/05/03 14:12:07 sliver.go:198: [recv] sysHandler 12
2024/05/03 14:12:07 httpclient.go:421: [http] GET -> http://localhost/javascripts/bundles/app.js?t=407557639s971
2024/05/03 14:12:07 session.go:189: [http] send envelope ...
2024/05/03 14:12:07 httpclient.go:873: [http] segments = [authenticate rest], filename = rpc, ext = php
2024/05/03 14:12:07 httpclient.go:498: [http] POST -> http://localhost/authenticate/rest/rpc.php?c=15m4230363028 (121 bytes)
2024/05/03 14:12:07 httpclient.go:504: [http] POST request completed
2024/05/03 14:12:09 httpclient.go:304: Cancelling poll context
2024/05/03 14:12:09 httpclient.go:873: [http] segments = [script scripts script bundles], filename = route, ext = js
2024/05/03 14:12:09 httpclient.go:421: [http] GET -> http://localhost/script/scripts/script/bundles/route.js?f=364809635s50
2024/05/03 14:12:11 httpclient.go:304: Cancelling poll context
2024/05/03 14:12:11 httpclient.go:873: [http] segments = [javascripts bundles javascripts], filename = route, ext = js
2024/05/03 14:12:11 httpclient.go:421: [http] GET -> http://localhost/javascripts/bundles/javascripts/route.js?t=631v134417400
2024/05/03 14:12:11 sliver.go:177: [recv] specialHandler 4
2024/05/03 14:12:11 session.go:164: [http] Stop()
2024/05/03 14:12:11 session.go:155: [http] lost connection, cleanup...
